Unity Editor version:    2020.3.26f1 (7298b473bc1a)
Branch:                  2020.3/staging
Build type:              Release
Batch mode:              YES
macOS version:           Version 11.6.2 (Build 20G314)
Darwin version:          20.6.0
Architecture:            x86_64
Running under Rosetta:   NO
Available memory:        16384 MB
Using pre-set license
Pro License: NO

COMMAND LINE ARGUMENTS:
/Applications/Unity/Hub/Editor/2020.3.26f1/Unity.app/Contents/MacOS/Unity
-adb2
-batchMode
-noUpm
-name
AssetImportWorker0
-projectPath
/Users/tsmith/Documents/Code/Unity/PodDash2
-logFile
Logs/AssetImportWorker0.log
-srvPort
52030
Successfully changed project path to: /Users/tsmith/Documents/Code/Unity/PodDash2
/Users/tsmith/Documents/Code/Unity/PodDash2
Using Asset Import Pipeline V2.
Refreshing native plugins compatible for Editor in 68.46 ms, found 4 plugins.
Preloading 1 native plugins for Editor in 7.87 ms.
Initialize engine version: 2020.3.26f1 (7298b473bc1a)
[Subsystems] Discovering subsystems at path /Applications/Unity/Hub/Editor/2020.3.26f1/Unity.app/Contents/Resources/UnitySubsystems
[Subsystems] Discovering subsystems at path /Users/tsmith/Documents/Code/Unity/PodDash2/Assets
GfxDevice: creating device client; threaded=0
2022-02-27 15:22:35.460 Unity[56365:2384860] Color LCD preferred device: Intel(R) UHD Graphics 630 (low power)
2022-02-27 15:22:35.460 Unity[56365:2384860] Metal devices available: 2
2022-02-27 15:22:35.460 Unity[56365:2384860] 0: AMD Radeon Pro 555X (high power)
2022-02-27 15:22:35.460 Unity[56365:2384860] 1: Intel(R) UHD Graphics 630 (low power)
2022-02-27 15:22:35.460 Unity[56365:2384860] Using device AMD Radeon Pro 555X (high power)
Initializing Metal device caps: AMD Radeon Pro 555X
Initialize mono
Mono path[0] = '/Applications/Unity/Hub/Editor/2020.3.26f1/Unity.app/Contents/Managed'
Mono path[1] = '/Applications/Unity/Hub/Editor/2020.3.26f1/Unity.app/Contents/MonoBleedingEdge/lib/mono/unityjit'
Mono config path = '/Applications/Unity/Hub/Editor/2020.3.26f1/Unity.app/Contents/MonoBleedingEdge/etc'
Using monoOptions --debugger-agent=transport=dt_socket,embedding=1,server=y,suspend=n,address=127.0.0.1:56365
Begin MonoManager ReloadAssembly
Registering precompiled unity dll's ...
Register platform support module: /Applications/Unity/Hub/Editor/2020.3.26f1/PlaybackEngines/WebGLSupport/UnityEditor.WebGL.Extensions.dll
Register platform support module: /Applications/Unity/Hub/Editor/2020.3.26f1/Unity.app/Contents/PlaybackEngines/MacStandaloneSupport/UnityEditor.OSXStandalone.Extensions.dll
Registered in 0.004721 seconds.
Native extension for OSXStandalone target not found
Native extension for WebGL target not found
Refreshing native plugins compatible for Editor in 72.98 ms, found 4 plugins.
Preloading 1 native plugins for Editor in 0.66 ms.
Mono: successfully reloaded assembly
- Completed reload, in  1.130 seconds
Domain Reload Profiling:
	ReloadAssembly (1130ms)
		BeginReloadAssembly (82ms)
			ExecutionOrderSort (0ms)
			DisableScriptedObjects (0ms)
			BackupInstance (0ms)
			ReleaseScriptingObjects (0ms)
			CreateAndSetChildDomain (1ms)
		EndReloadAssembly (887ms)
			LoadAssemblies (84ms)
			RebuildTransferFunctionScriptingTraits (0ms)
			SetupTypeCache (333ms)
			ReleaseScriptCaches (0ms)
			RebuildScriptCaches (83ms)
			SetupLoadedEditorAssemblies (309ms)
				LogAssemblyErrors (0ms)
				InitializePlatformSupportModulesInManaged (12ms)
				SetLoadedEditorAssemblies (0ms)
				RefreshPlugins (74ms)
				BeforeProcessingInitializeOnLoad (14ms)
				ProcessInitializeOnLoadAttributes (163ms)
				ProcessInitializeOnLoadMethodAttributes (45ms)
				AfterProcessingInitializeOnLoad (0ms)
				EditorAssembliesLoaded (0ms)
			ExecutionOrderSort2 (0ms)
			AwakeInstancesAfterBackupRestoration (0ms)
Platform modules already initialized, skipping
Registering precompiled user dll's ...
Registered in 0.011201 seconds.
Begin MonoManager ReloadAssembly
Native extension for OSXStandalone target not found
Native extension for WebGL target not found
Refreshing native plugins compatible for Editor in 59.91 ms, found 4 plugins.
Preloading 1 native plugins for Editor in 0.64 ms.
Mono: successfully reloaded assembly
- Completed reload, in  1.896 seconds
Domain Reload Profiling:
	ReloadAssembly (1898ms)
		BeginReloadAssembly (255ms)
			ExecutionOrderSort (0ms)
			DisableScriptedObjects (11ms)
			BackupInstance (0ms)
			ReleaseScriptingObjects (0ms)
			CreateAndSetChildDomain (78ms)
		EndReloadAssembly (1525ms)
			LoadAssemblies (150ms)
			RebuildTransferFunctionScriptingTraits (0ms)
			SetupTypeCache (544ms)
			ReleaseScriptCaches (1ms)
			RebuildScriptCaches (89ms)
			SetupLoadedEditorAssemblies (577ms)
				LogAssemblyErrors (0ms)
				InitializePlatformSupportModulesInManaged (4ms)
				SetLoadedEditorAssemblies (0ms)
				RefreshPlugins (61ms)
				BeforeProcessingInitializeOnLoad (93ms)
				ProcessInitializeOnLoadAttributes (395ms)
				ProcessInitializeOnLoadMethodAttributes (22ms)
				AfterProcessingInitializeOnLoad (2ms)
				EditorAssembliesLoaded (0ms)
			ExecutionOrderSort2 (0ms)
			AwakeInstancesAfterBackupRestoration (10ms)
Platform modules already initialized, skipping
Validating Project structure ... 0.012379 seconds.
Shader import version has changed; will reimport all shaders...
Upgrading shader files ...0.037176 seconds.
Application.AssetDatabase Initial Script Refresh Start
RefreshInfo: InitialScriptRefreshV2(NoUpdateAssetOptions) scanfilter:  ... 1 filters
RefreshProfiler: Total: 0.000ms
Application.AssetDatabase Initial Script Refresh End
Application.AssetDatabase.Refresh Start
Application.AssetDatabase.Refresh End
RefreshInfo: StopAssetImportingV2(ForceSynchronousImport) scanfilter: 
RefreshProfiler: Total: 0.000ms
Launching external process: /Applications/Unity/Hub/Editor/2020.3.26f1/Unity.app/Contents/Tools/UnityShaderCompiler
Launched and connected shader compiler UnityShaderCompiler after 0.02 seconds
Initializing Unity extensions:
========================================================================
Worker process is ready to serve import requests
Refreshing native plugins compatible for Editor in 0.67 ms, found 4 plugins.
Preloading 1 native plugins for Editor in 0.55 ms.
Unloading 2328 Unused Serialized files (Serialized files now loaded: 0)
System memory in use before: 197.1 MB.
System memory in use after: 196.3 MB.

Unloading 186 unused Assets to reduce memory usage. Loaded Objects now: 2806.
Total: 7.657828 ms (FindLiveObjects: 0.260968 ms CreateObjectMapping: 0.128578 ms MarkObjects: 6.356028 ms  DeleteObjects: 0.910963 ms)

AssetImportParameters requested are different than current active one (requested -> active):
  custom:video-decoder-ogg-theora: a1e56fd34408186e4bbccfd4996cb3dc -> 
  custom:container-muxer-webm: aa71ff27fc2769a1b78a27578f13a17b -> 
  custom:container-demuxer-webm: 4f35f7cbe854078d1ac9338744f61a02 -> 
  custom:container-demuxer-ogg: 62fdf1f143b41e24485cea50d1cbac27 -> 
  custom:video-encoder-webm-vp8: eb34c28f22e8b96e1ab97ce403110664 -> 
  custom:framework-osx-AVFoundation: e770b220cccbd017edd2c1fefb359320 -> 
  custom:video-decoder-webm-vp8: 9c59270c3fd7afecdb556c50c9e8de78 -> 
  custom:audio-decoder-ogg-vorbis: bf7c407c2cedff20999df2af8eb42d56 -> 
  custom:audio-encoder-webm-vorbis: bf7c407c2cedff20999df2af8eb42d56 -> 
========================================================================
Received Import Request.
  path: Assets/Scenes/GameScene.unity
  artifactKey: Guid(9fc0d4010bbf28b4594072e72b8655ab) Importer(815301076,1909f56bfc062723c751e8b465ee728b)
Start importing Assets/Scenes/GameScene.unity using Guid(9fc0d4010bbf28b4594072e72b8655ab) Importer(815301076,1909f56bfc062723c751e8b465ee728b)  -> (artifact id: 'e22da8ae663cc46ff63e64854aedb153') in 0.022238 seconds 
  Import took 0.029867 seconds .

========================================================================
Received Prepare
Refreshing native plugins compatible for Editor in 11.81 ms, found 4 plugins.
Preloading 1 native plugins for Editor in 0.50 ms.
Unloading 14 Unused Serialized files (Serialized files now loaded: 0)
System memory in use before: 149.0 MB.
System memory in use after: 149.2 MB.

Unloading 14 unused Assets to reduce memory usage. Loaded Objects now: 2806.
Total: 3.439709 ms (FindLiveObjects: 0.199087 ms CreateObjectMapping: 0.090268 ms MarkObjects: 3.134655 ms  DeleteObjects: 0.015111 ms)

AssetImportParameters requested are different than current active one (requested -> active):
  custom:video-decoder-ogg-theora: a1e56fd34408186e4bbccfd4996cb3dc -> 
  custom:container-muxer-webm: aa71ff27fc2769a1b78a27578f13a17b -> 
  custom:container-demuxer-webm: 4f35f7cbe854078d1ac9338744f61a02 -> 
  custom:container-demuxer-ogg: 62fdf1f143b41e24485cea50d1cbac27 -> 
  custom:video-encoder-webm-vp8: eb34c28f22e8b96e1ab97ce403110664 -> 
  custom:framework-osx-AVFoundation: e770b220cccbd017edd2c1fefb359320 -> 
  custom:video-decoder-webm-vp8: 9c59270c3fd7afecdb556c50c9e8de78 -> 
  custom:audio-decoder-ogg-vorbis: bf7c407c2cedff20999df2af8eb42d56 -> 
  custom:audio-encoder-webm-vorbis: bf7c407c2cedff20999df2af8eb42d56 -> 
========================================================================
Received Prepare
Registering precompiled user dll's ...
Registered in 0.008412 seconds.
Begin MonoManager ReloadAssembly
Native extension for OSXStandalone target not found
Native extension for WebGL target not found
Refreshing native plugins compatible for Editor in 1.29 ms, found 4 plugins.
Preloading 1 native plugins for Editor in 1.08 ms.
Mono: successfully reloaded assembly
- Completed reload, in  1.829 seconds
Domain Reload Profiling:
	ReloadAssembly (1832ms)
		BeginReloadAssembly (306ms)
			ExecutionOrderSort (0ms)
			DisableScriptedObjects (30ms)
			BackupInstance (0ms)
			ReleaseScriptingObjects (0ms)
			CreateAndSetChildDomain (171ms)
		EndReloadAssembly (1449ms)
			LoadAssemblies (111ms)
			RebuildTransferFunctionScriptingTraits (1ms)
			SetupTypeCache (442ms)
			ReleaseScriptCaches (1ms)
			RebuildScriptCaches (60ms)
			SetupLoadedEditorAssemblies (615ms)
				LogAssemblyErrors (0ms)
				InitializePlatformSupportModulesInManaged (8ms)
				SetLoadedEditorAssemblies (1ms)
				RefreshPlugins (2ms)
				BeforeProcessingInitializeOnLoad (206ms)
				ProcessInitializeOnLoadAttributes (386ms)
				ProcessInitializeOnLoadMethodAttributes (10ms)
				AfterProcessingInitializeOnLoad (2ms)
				EditorAssembliesLoaded (0ms)
			ExecutionOrderSort2 (0ms)
			AwakeInstancesAfterBackupRestoration (7ms)
Platform modules already initialized, skipping
Switching build target platform(2) subTarget(0) extendedPlatform(0) -> platform(13) subTarget(524288) extendedPlatform(0)
Refreshing native plugins compatible for Editor in 0.71 ms, found 4 plugins.
Preloading 1 native plugins for Editor in 0.60 ms.
Unloading 2293 Unused Serialized files (Serialized files now loaded: 0)
System memory in use before: 192.3 MB.
System memory in use after: 192.5 MB.

Unloading 18 unused Assets to reduce memory usage. Loaded Objects now: 2810.
Total: 4.143456 ms (FindLiveObjects: 0.312990 ms CreateObjectMapping: 0.112907 ms MarkObjects: 3.692672 ms  DeleteObjects: 0.023615 ms)

AssetImportParameters requested are different than current active one (requested -> active):
  custom:video-decoder-ogg-theora: a1e56fd34408186e4bbccfd4996cb3dc -> 
  custom:container-muxer-webm: aa71ff27fc2769a1b78a27578f13a17b -> 
  custom:container-demuxer-webm: 4f35f7cbe854078d1ac9338744f61a02 -> 
  custom:container-demuxer-ogg: 62fdf1f143b41e24485cea50d1cbac27 -> 
  custom:video-encoder-webm-vp8: eb34c28f22e8b96e1ab97ce403110664 -> 
  custom:framework-osx-AVFoundation: e770b220cccbd017edd2c1fefb359320 -> 
  custom:video-decoder-webm-vp8: 9c59270c3fd7afecdb556c50c9e8de78 -> 
  custom:graphics/normal-map-encoding: 01000000000000000000000000000000 -> 02000000000000000000000000000000
  custom:audio-decoder-ogg-vorbis: bf7c407c2cedff20999df2af8eb42d56 -> 
  custom:audio-encoder-webm-vorbis: bf7c407c2cedff20999df2af8eb42d56 -> 
========================================================================
Received Import Request.
  Time since last request: 588.663245 seconds.
  path: Assets/Scripts/exitScript1b.cs
  artifactKey: Guid(13d51f31ed03e4108ab151b49e4d2f7b) Importer(815301076,1909f56bfc062723c751e8b465ee728b)
Start importing Assets/Scripts/exitScript1b.cs using Guid(13d51f31ed03e4108ab151b49e4d2f7b) Importer(815301076,1909f56bfc062723c751e8b465ee728b)  -> (artifact id: 'def4a035d11f8580b500499c1e285e7f') in 0.606299 seconds 
  Import took 0.620014 seconds .

========================================================================
Received Prepare
Registering precompiled user dll's ...
Registered in 0.008085 seconds.
Begin MonoManager ReloadAssembly
Native extension for OSXStandalone target not found
Native extension for WebGL target not found
Refreshing native plugins compatible for Editor in 0.72 ms, found 4 plugins.
Preloading 1 native plugins for Editor in 0.59 ms.
Mono: successfully reloaded assembly
- Completed reload, in  1.852 seconds
Domain Reload Profiling:
	ReloadAssembly (1855ms)
		BeginReloadAssembly (283ms)
			ExecutionOrderSort (0ms)
			DisableScriptedObjects (12ms)
			BackupInstance (0ms)
			ReleaseScriptingObjects (0ms)
			CreateAndSetChildDomain (188ms)
		EndReloadAssembly (1460ms)
			LoadAssemblies (129ms)
			RebuildTransferFunctionScriptingTraits (0ms)
			SetupTypeCache (527ms)
			ReleaseScriptCaches (1ms)
			RebuildScriptCaches (72ms)
			SetupLoadedEditorAssemblies (533ms)
				LogAssemblyErrors (0ms)
				InitializePlatformSupportModulesInManaged (6ms)
				SetLoadedEditorAssemblies (1ms)
				RefreshPlugins (1ms)
				BeforeProcessingInitializeOnLoad (134ms)
				ProcessInitializeOnLoadAttributes (376ms)
				ProcessInitializeOnLoadMethodAttributes (12ms)
				AfterProcessingInitializeOnLoad (2ms)
				EditorAssembliesLoaded (0ms)
			ExecutionOrderSort2 (0ms)
			AwakeInstancesAfterBackupRestoration (10ms)
Platform modules already initialized, skipping
Switching build target platform(2) subTarget(0) extendedPlatform(0) -> platform(13) subTarget(524288) extendedPlatform(0)
Refreshing native plugins compatible for Editor in 0.94 ms, found 4 plugins.
Preloading 1 native plugins for Editor in 0.68 ms.
Unloading 2294 Unused Serialized files (Serialized files now loaded: 0)
System memory in use before: 196.7 MB.
System memory in use after: 196.9 MB.

Unloading 17 unused Assets to reduce memory usage. Loaded Objects now: 2814.
Total: 4.514303 ms (FindLiveObjects: 0.237437 ms CreateObjectMapping: 0.117169 ms MarkObjects: 4.134854 ms  DeleteObjects: 0.023476 ms)

AssetImportParameters requested are different than current active one (requested -> active):
  custom:video-decoder-ogg-theora: a1e56fd34408186e4bbccfd4996cb3dc -> 
  custom:container-muxer-webm: aa71ff27fc2769a1b78a27578f13a17b -> 
  custom:container-demuxer-webm: 4f35f7cbe854078d1ac9338744f61a02 -> 
  custom:container-demuxer-ogg: 62fdf1f143b41e24485cea50d1cbac27 -> 
  custom:video-encoder-webm-vp8: eb34c28f22e8b96e1ab97ce403110664 -> 
  custom:framework-osx-AVFoundation: e770b220cccbd017edd2c1fefb359320 -> 
  custom:video-decoder-webm-vp8: 9c59270c3fd7afecdb556c50c9e8de78 -> 
  custom:graphics/normal-map-encoding: 01000000000000000000000000000000 -> 02000000000000000000000000000000
  custom:audio-decoder-ogg-vorbis: bf7c407c2cedff20999df2af8eb42d56 -> 
  custom:audio-encoder-webm-vorbis: bf7c407c2cedff20999df2af8eb42d56 -> 
========================================================================
Received Import Request.
  Time since last request: 14.087664 seconds.
  path: Assets/Scripts/exitScript1b.cs
  artifactKey: Guid(13d51f31ed03e4108ab151b49e4d2f7b) Importer(815301076,1909f56bfc062723c751e8b465ee728b)
Start importing Assets/Scripts/exitScript1b.cs using Guid(13d51f31ed03e4108ab151b49e4d2f7b) Importer(815301076,1909f56bfc062723c751e8b465ee728b)  -> (artifact id: 'b4b9081df2341b58e8e05d4682e2651b') in 0.017562 seconds 
  Import took 0.023097 seconds .

========================================================================
Received Prepare
Registering precompiled user dll's ...
Registered in 0.009533 seconds.
Begin MonoManager ReloadAssembly
Native extension for OSXStandalone target not found
Native extension for WebGL target not found
Refreshing native plugins compatible for Editor in 0.66 ms, found 4 plugins.
Preloading 1 native plugins for Editor in 2.32 ms.
Mono: successfully reloaded assembly
- Completed reload, in  2.519 seconds
Domain Reload Profiling:
	ReloadAssembly (2523ms)
		BeginReloadAssembly (380ms)
			ExecutionOrderSort (0ms)
			DisableScriptedObjects (18ms)
			BackupInstance (0ms)
			ReleaseScriptingObjects (0ms)
			CreateAndSetChildDomain (228ms)
		EndReloadAssembly (2028ms)
			LoadAssemblies (192ms)
			RebuildTransferFunctionScriptingTraits (0ms)
			SetupTypeCache (775ms)
			ReleaseScriptCaches (1ms)
			RebuildScriptCaches (87ms)
			SetupLoadedEditorAssemblies (634ms)
				LogAssemblyErrors (0ms)
				InitializePlatformSupportModulesInManaged (8ms)
				SetLoadedEditorAssemblies (1ms)
				RefreshPlugins (3ms)
				BeforeProcessingInitializeOnLoad (168ms)
				ProcessInitializeOnLoadAttributes (437ms)
				ProcessInitializeOnLoadMethodAttributes (13ms)
				AfterProcessingInitializeOnLoad (2ms)
				EditorAssembliesLoaded (0ms)
			ExecutionOrderSort2 (0ms)
			AwakeInstancesAfterBackupRestoration (11ms)
Platform modules already initialized, skipping
Switching build target platform(2) subTarget(0) extendedPlatform(0) -> platform(13) subTarget(524288) extendedPlatform(0)
Refreshing native plugins compatible for Editor in 0.88 ms, found 4 plugins.
Preloading 1 native plugins for Editor in 0.69 ms.
Unloading 2294 Unused Serialized files (Serialized files now loaded: 0)
System memory in use before: 197.3 MB.
System memory in use after: 197.5 MB.

Unloading 17 unused Assets to reduce memory usage. Loaded Objects now: 2817.
Total: 4.406230 ms (FindLiveObjects: 0.260036 ms CreateObjectMapping: 0.114103 ms MarkObjects: 3.977987 ms  DeleteObjects: 0.052708 ms)

AssetImportParameters requested are different than current active one (requested -> active):
  custom:video-decoder-ogg-theora: a1e56fd34408186e4bbccfd4996cb3dc -> 
  custom:container-muxer-webm: aa71ff27fc2769a1b78a27578f13a17b -> 
  custom:container-demuxer-webm: 4f35f7cbe854078d1ac9338744f61a02 -> 
  custom:container-demuxer-ogg: 62fdf1f143b41e24485cea50d1cbac27 -> 
  custom:video-encoder-webm-vp8: eb34c28f22e8b96e1ab97ce403110664 -> 
  custom:framework-osx-AVFoundation: e770b220cccbd017edd2c1fefb359320 -> 
  custom:video-decoder-webm-vp8: 9c59270c3fd7afecdb556c50c9e8de78 -> 
  custom:graphics/normal-map-encoding: 01000000000000000000000000000000 -> 02000000000000000000000000000000
  custom:audio-decoder-ogg-vorbis: bf7c407c2cedff20999df2af8eb42d56 -> 
  custom:audio-encoder-webm-vorbis: bf7c407c2cedff20999df2af8eb42d56 -> 
========================================================================
Received Prepare
Refreshing native plugins compatible for Editor in 11.37 ms, found 4 plugins.
Preloading 1 native plugins for Editor in 0.49 ms.
Unloading 14 Unused Serialized files (Serialized files now loaded: 0)
System memory in use before: 153.3 MB.
System memory in use after: 153.5 MB.

Unloading 14 unused Assets to reduce memory usage. Loaded Objects now: 2817.
Total: 5.740995 ms (FindLiveObjects: 0.204592 ms CreateObjectMapping: 0.102364 ms MarkObjects: 5.407735 ms  DeleteObjects: 0.025269 ms)

AssetImportParameters requested are different than current active one (requested -> active):
  custom:video-decoder-ogg-theora: a1e56fd34408186e4bbccfd4996cb3dc -> 
  custom:container-muxer-webm: aa71ff27fc2769a1b78a27578f13a17b -> 
  custom:container-demuxer-webm: 4f35f7cbe854078d1ac9338744f61a02 -> 
  custom:container-demuxer-ogg: 62fdf1f143b41e24485cea50d1cbac27 -> 
  custom:video-encoder-webm-vp8: eb34c28f22e8b96e1ab97ce403110664 -> 
  custom:framework-osx-AVFoundation: e770b220cccbd017edd2c1fefb359320 -> 
  custom:video-decoder-webm-vp8: 9c59270c3fd7afecdb556c50c9e8de78 -> 
  custom:audio-decoder-ogg-vorbis: bf7c407c2cedff20999df2af8eb42d56 -> 
  custom:audio-encoder-webm-vorbis: bf7c407c2cedff20999df2af8eb42d56 -> 
========================================================================
Received Prepare
Registering precompiled user dll's ...
Registered in 0.009522 seconds.
Begin MonoManager ReloadAssembly
Native extension for OSXStandalone target not found
Native extension for WebGL target not found
Refreshing native plugins compatible for Editor in 0.74 ms, found 4 plugins.
Preloading 1 native plugins for Editor in 0.76 ms.
Mono: successfully reloaded assembly
- Completed reload, in  2.228 seconds
Domain Reload Profiling:
	ReloadAssembly (2240ms)
		BeginReloadAssembly (529ms)
			ExecutionOrderSort (0ms)
			DisableScriptedObjects (20ms)
			BackupInstance (0ms)
			ReleaseScriptingObjects (0ms)
			CreateAndSetChildDomain (387ms)
		EndReloadAssembly (1565ms)
			LoadAssemblies (187ms)
			RebuildTransferFunctionScriptingTraits (0ms)
			SetupTypeCache (562ms)
			ReleaseScriptCaches (2ms)
			RebuildScriptCaches (69ms)
			SetupLoadedEditorAssemblies (560ms)
				LogAssemblyErrors (0ms)
				InitializePlatformSupportModulesInManaged (9ms)
				SetLoadedEditorAssemblies (1ms)
				RefreshPlugins (2ms)
				BeforeProcessingInitializeOnLoad (123ms)
				ProcessInitializeOnLoadAttributes (413ms)
				ProcessInitializeOnLoadMethodAttributes (10ms)
				AfterProcessingInitializeOnLoad (2ms)
				EditorAssembliesLoaded (0ms)
			ExecutionOrderSort2 (0ms)
			AwakeInstancesAfterBackupRestoration (8ms)
Platform modules already initialized, skipping
Switching build target platform(2) subTarget(0) extendedPlatform(0) -> platform(13) subTarget(524288) extendedPlatform(0)
Refreshing native plugins compatible for Editor in 0.79 ms, found 4 plugins.
Preloading 1 native plugins for Editor in 0.59 ms.
Unloading 2294 Unused Serialized files (Serialized files now loaded: 0)
System memory in use before: 197.5 MB.
System memory in use after: 197.7 MB.

Unloading 17 unused Assets to reduce memory usage. Loaded Objects now: 2820.
Total: 3.307784 ms (FindLiveObjects: 0.252537 ms CreateObjectMapping: 0.109944 ms MarkObjects: 2.923822 ms  DeleteObjects: 0.020312 ms)

AssetImportParameters requested are different than current active one (requested -> active):
  custom:video-decoder-ogg-theora: a1e56fd34408186e4bbccfd4996cb3dc -> 
  custom:container-muxer-webm: aa71ff27fc2769a1b78a27578f13a17b -> 
  custom:container-demuxer-webm: 4f35f7cbe854078d1ac9338744f61a02 -> 
  custom:container-demuxer-ogg: 62fdf1f143b41e24485cea50d1cbac27 -> 
  custom:video-encoder-webm-vp8: eb34c28f22e8b96e1ab97ce403110664 -> 
  custom:framework-osx-AVFoundation: e770b220cccbd017edd2c1fefb359320 -> 
  custom:video-decoder-webm-vp8: 9c59270c3fd7afecdb556c50c9e8de78 -> 
  custom:graphics/normal-map-encoding: 01000000000000000000000000000000 -> 02000000000000000000000000000000
  custom:audio-decoder-ogg-vorbis: bf7c407c2cedff20999df2af8eb42d56 -> 
  custom:audio-encoder-webm-vorbis: bf7c407c2cedff20999df2af8eb42d56 -> 
========================================================================
Received Import Request.
  Time since last request: 1395.640315 seconds.
  path: Assets/SciFiCorridorSet/Prefabs
  artifactKey: Guid(066ae861981e54260880dcc8cbddff99) Importer(815301076,1909f56bfc062723c751e8b465ee728b)
Start importing Assets/SciFiCorridorSet/Prefabs using Guid(066ae861981e54260880dcc8cbddff99) Importer(815301076,1909f56bfc062723c751e8b465ee728b)  -> (artifact id: '784f504e89e1204a496a51e874dd228c') in 0.070889 seconds 
  Import took 0.176460 seconds .

========================================================================
Received Import Request.
  Time since last request: 0.000298 seconds.
  path: Assets/SciFiCorridorSet/Prefabs/corridor02.prefab
  artifactKey: Guid(5eb943e0816797c45b95fce50565ebfb) Importer(815301076,1909f56bfc062723c751e8b465ee728b)
Start importing Assets/SciFiCorridorSet/Prefabs/corridor02.prefab using Guid(5eb943e0816797c45b95fce50565ebfb) Importer(815301076,1909f56bfc062723c751e8b465ee728b)  -> (artifact id: '7624d04753f0c32f8019d831f2b6e1dc') in 4.859263 seconds 
  Import took 4.888984 seconds .

========================================================================
Received Import Request.
  Time since last request: 0.000471 seconds.
  path: Assets/SciFiCorridorSet/Prefabs/corridor07.prefab
  artifactKey: Guid(19b0fc57971b847409dc67e495ef1dd9) Importer(815301076,1909f56bfc062723c751e8b465ee728b)
Start importing Assets/SciFiCorridorSet/Prefabs/corridor07.prefab using Guid(19b0fc57971b847409dc67e495ef1dd9) Importer(815301076,1909f56bfc062723c751e8b465ee728b)  -> (artifact id: '72124416acd53526dd9475fabdfd24c3') in 1.440878 seconds 
  Import took 1.458192 seconds .

========================================================================
Received Import Request.
  Time since last request: 0.000320 seconds.
  path: Assets/SciFiCorridorSet/Prefabs/corridor01destroyed.prefab
  artifactKey: Guid(6dfd60f843c08504dbda77e59815621a) Importer(815301076,1909f56bfc062723c751e8b465ee728b)
Start importing Assets/SciFiCorridorSet/Prefabs/corridor01destroyed.prefab using Guid(6dfd60f843c08504dbda77e59815621a) Importer(815301076,1909f56bfc062723c751e8b465ee728b)  -> (artifact id: '8689fa003cd0a56e8783c0efa4b38a8a') in 1.185495 seconds 
  Import took 1.199858 seconds .

========================================================================
Received Import Request.
  Time since last request: 0.000343 seconds.
  path: Assets/SciFiCorridorSet/Prefabs/corridor10.prefab
  artifactKey: Guid(30328af3ae88d7a43bd39b1fa31cb297) Importer(815301076,1909f56bfc062723c751e8b465ee728b)
Start importing Assets/SciFiCorridorSet/Prefabs/corridor10.prefab using Guid(30328af3ae88d7a43bd39b1fa31cb297) Importer(815301076,1909f56bfc062723c751e8b465ee728b)  -> (artifact id: '715251d24701a20cc0ce14cac1e6d858') in 2.601520 seconds 
  Import took 2.630356 seconds .

========================================================================
Received Import Request.
  Time since last request: 0.000287 seconds.
  path: Assets/SciFiCorridorSet/Prefabs/cornerT04destroyed.prefab
  artifactKey: Guid(902d10e9a22a6aa40aae560f536aa64a) Importer(815301076,1909f56bfc062723c751e8b465ee728b)
Start importing Assets/SciFiCorridorSet/Prefabs/cornerT04destroyed.prefab using Guid(902d10e9a22a6aa40aae560f536aa64a) Importer(815301076,1909f56bfc062723c751e8b465ee728b)  -> (artifact id: 'f6ea3c4000fbd2b3afa1c503321de91f') in 4.647216 seconds 
  Import took 4.690329 seconds .

========================================================================
Received Import Request.
  Time since last request: 0.000382 seconds.
  path: Assets/SciFiCorridorSet/Prefabs/doorbase03error.prefab
  artifactKey: Guid(0fef3d90450c4814b8e03b5533f7bd33) Importer(815301076,1909f56bfc062723c751e8b465ee728b)
Start importing Assets/SciFiCorridorSet/Prefabs/doorbase03error.prefab using Guid(0fef3d90450c4814b8e03b5533f7bd33) Importer(815301076,1909f56bfc062723c751e8b465ee728b)  -> (artifact id: '78e1d2b3a06427e5d5e14c57fad9adf6') in 4.222303 seconds 
  Import took 4.260453 seconds .

========================================================================
Received Import Request.
  Time since last request: 0.000327 seconds.
  path: Assets/SciFiCorridorSet/Prefabs/cornerX04.prefab
  artifactKey: Guid(16375e44936d0e2479ffa1e57dbae169) Importer(815301076,1909f56bfc062723c751e8b465ee728b)
Start importing Assets/SciFiCorridorSet/Prefabs/cornerX04.prefab using Guid(16375e44936d0e2479ffa1e57dbae169) Importer(815301076,1909f56bfc062723c751e8b465ee728b)  -> (artifact id: 'f1469099cadc668b37decc3fa88262b6') in 3.758606 seconds 
  Import took 3.789585 seconds .

========================================================================
Received Import Request.
  Time since last request: 0.000299 seconds.
  path: Assets/SciFiCorridorSet/Prefabs/corridor02_2destroyed.prefab
  artifactKey: Guid(9b83981a3e8aac14e878656fe0fd288b) Importer(815301076,1909f56bfc062723c751e8b465ee728b)
Start importing Assets/SciFiCorridorSet/Prefabs/corridor02_2destroyed.prefab using Guid(9b83981a3e8aac14e878656fe0fd288b) Importer(815301076,1909f56bfc062723c751e8b465ee728b)  -> (artifact id: '1847690261a2cb3a2eedd34bf10a699e') in 3.652923 seconds 
  Import took 3.688416 seconds .

========================================================================
Received Import Request.
  Time since last request: 0.000330 seconds.
  path: Assets/SciFiCorridorSet/Prefabs/corner01destroyed.prefab
  artifactKey: Guid(7695bc4893f11c74087b3c9a17f89878) Importer(815301076,1909f56bfc062723c751e8b465ee728b)
Start importing Assets/SciFiCorridorSet/Prefabs/corner01destroyed.prefab using Guid(7695bc4893f11c74087b3c9a17f89878) Importer(815301076,1909f56bfc062723c751e8b465ee728b)  -> (artifact id: '6ffed93213f14bf34b85d902601bad00') in 4.636630 seconds 
  Import took 4.671362 seconds .

========================================================================
Received Import Request.
  Time since last request: 0.000290 seconds.
  path: Assets/SciFiCorridorSet/Prefabs/doorbase03destroyed_animated.prefab
  artifactKey: Guid(a3a70489b3461354dafbc2de76c788ae) Importer(815301076,1909f56bfc062723c751e8b465ee728b)
Start importing Assets/SciFiCorridorSet/Prefabs/doorbase03destroyed_animated.prefab using Guid(a3a70489b3461354dafbc2de76c788ae) Importer(815301076,1909f56bfc062723c751e8b465ee728b)  -> (artifact id: 'e58b1ea84a69e3dd6c3ac5c887075e25') in 3.847614 seconds 
  Import took 3.885026 seconds .

========================================================================
Received Import Request.
  Time since last request: 0.000466 seconds.
  path: Assets/SciFiCorridorSet/Prefabs/corner04destroyed.prefab
  artifactKey: Guid(3e2fe3ad282d1bf40a7dbe4552f887ec) Importer(815301076,1909f56bfc062723c751e8b465ee728b)
Start importing Assets/SciFiCorridorSet/Prefabs/corner04destroyed.prefab using Guid(3e2fe3ad282d1bf40a7dbe4552f887ec) Importer(815301076,1909f56bfc062723c751e8b465ee728b)  -> (artifact id: 'ca0d65321151fc34043e92b2a07dbc64') in 3.934772 seconds 
  Import took 3.972984 seconds .

========================================================================
Received Import Request.
  Time since last request: 0.000294 seconds.
  path: Assets/SciFiCorridorSet/Prefabs/cornerT03.prefab
  artifactKey: Guid(f63bcdc66bf16fa4895f13cb5110f849) Importer(815301076,1909f56bfc062723c751e8b465ee728b)
Start importing Assets/SciFiCorridorSet/Prefabs/cornerT03.prefab using Guid(f63bcdc66bf16fa4895f13cb5110f849) Importer(815301076,1909f56bfc062723c751e8b465ee728b)  -> (artifact id: '922281c25f4c70e2100ec1f7af59c94a') in 3.708068 seconds 
  Import took 3.740326 seconds .

========================================================================
Received Import Request.
  Time since last request: 0.000294 seconds.
  path: Assets/SciFiCorridorSet/Prefabs/doorbase03errordestroyed.prefab
  artifactKey: Guid(27f22a403b2b83449ad71d56f0b7b668) Importer(815301076,1909f56bfc062723c751e8b465ee728b)
Start importing Assets/SciFiCorridorSet/Prefabs/doorbase03errordestroyed.prefab using Guid(27f22a403b2b83449ad71d56f0b7b668) Importer(815301076,1909f56bfc062723c751e8b465ee728b)  -> (artifact id: 'a8bd5c3c25e932e8a2acae2bb16e60a8') in 3.529813 seconds 
  Import took 3.633809 seconds .

========================================================================
Received Import Request.
  Time since last request: 0.000298 seconds.
  path: Assets/SciFiCorridorSet/Prefabs/corridor08.prefab
  artifactKey: Guid(0e337f52ebe00ca4ea3804ab86ffbe4d) Importer(815301076,1909f56bfc062723c751e8b465ee728b)
Start importing Assets/SciFiCorridorSet/Prefabs/corridor08.prefab using Guid(0e337f52ebe00ca4ea3804ab86ffbe4d) Importer(815301076,1909f56bfc062723c751e8b465ee728b)  -> (artifact id: 'dd3f6b6f8f0233255de072f00647d7bc') in 2.700412 seconds 
  Import took 2.731472 seconds .

========================================================================
Received Import Request.
  Time since last request: 0.000409 seconds.
  path: Assets/SciFiCorridorSet/Prefabs/corridor06destroyed.prefab
  artifactKey: Guid(b478892901b759145a6d2fdf4f3f2d73) Importer(815301076,1909f56bfc062723c751e8b465ee728b)
Start importing Assets/SciFiCorridorSet/Prefabs/corridor06destroyed.prefab using Guid(b478892901b759145a6d2fdf4f3f2d73) Importer(815301076,1909f56bfc062723c751e8b465ee728b)  -> (artifact id: '32a72f672ecd96cd2ad3ac7e745c1c67') in 2.077988 seconds 
  Import took 2.098940 seconds .

========================================================================
Received Import Request.
  Time since last request: 0.000312 seconds.
  path: Assets/SciFiCorridorSet/Prefabs/cornerX03.prefab
  artifactKey: Guid(1be68da1c6238044a93a70126b2dcadd) Importer(815301076,1909f56bfc062723c751e8b465ee728b)
Start importing Assets/SciFiCorridorSet/Prefabs/cornerX03.prefab using Guid(1be68da1c6238044a93a70126b2dcadd) Importer(815301076,1909f56bfc062723c751e8b465ee728b)  -> (artifact id: '16b3dae533574df0704a0faf784ca738') in 3.615450 seconds 
  Import took 3.695260 seconds .

========================================================================
Received Import Request.
  Time since last request: 0.000312 seconds.
  path: Assets/SciFiCorridorSet/Prefabs/corner01.prefab
  artifactKey: Guid(6995d41fa1d1fad4ea92ebbf74deca64) Importer(815301076,1909f56bfc062723c751e8b465ee728b)
Start importing Assets/SciFiCorridorSet/Prefabs/corner01.prefab using Guid(6995d41fa1d1fad4ea92ebbf74deca64) Importer(815301076,1909f56bfc062723c751e8b465ee728b)  -> (artifact id: '609d2f658cf2bfc6ff34a743816f5066') in 4.520292 seconds 
  Import took 4.561299 seconds .

========================================================================
Received Import Request.
  Time since last request: 0.000341 seconds.
  path: Assets/SciFiCorridorSet/Prefabs/cornerX03destroyed.prefab
  artifactKey: Guid(af76df2fb0979b348a8f471428b06348) Importer(815301076,1909f56bfc062723c751e8b465ee728b)
Start importing Assets/SciFiCorridorSet/Prefabs/cornerX03destroyed.prefab using Guid(af76df2fb0979b348a8f471428b06348) Importer(815301076,1909f56bfc062723c751e8b465ee728b)  -> (artifact id: 'b65938ac0d858bc3c86ab835b6c2eabf') in 4.149866 seconds 
  Import took 4.191831 seconds .

========================================================================
Received Import Request.
  Time since last request: 0.000322 seconds.
  path: Assets/SciFiCorridorSet/Prefabs/corridor10destroyed.prefab
  artifactKey: Guid(731145894dac96b44a4c4f1198d3e7b3) Importer(815301076,1909f56bfc062723c751e8b465ee728b)
Start importing Assets/SciFiCorridorSet/Prefabs/corridor10destroyed.prefab using Guid(731145894dac96b44a4c4f1198d3e7b3) Importer(815301076,1909f56bfc062723c751e8b465ee728b)  -> (artifact id: 'ac9f3542a3e272f6efb7679641758ac4') in 2.517520 seconds 
  Import took 2.546613 seconds .

========================================================================
Received Import Request.
  Time since last request: 0.000403 seconds.
  path: Assets/SciFiCorridorSet/Prefabs/cornerT01destroyed.prefab
  artifactKey: Guid(8c32c91d14fba7443913e31b76aab0a3) Importer(815301076,1909f56bfc062723c751e8b465ee728b)
Start importing Assets/SciFiCorridorSet/Prefabs/cornerT01destroyed.prefab using Guid(8c32c91d14fba7443913e31b76aab0a3) Importer(815301076,1909f56bfc062723c751e8b465ee728b)  -> (artifact id: '6e59e55ac4541b90157155b47245d382') in 3.476823 seconds 
  Import took 3.517342 seconds .

========================================================================
Received Import Request.
  Time since last request: 0.000318 seconds.
  path: Assets/SciFiCorridorSet/Prefabs/corridor01.prefab
  artifactKey: Guid(d3aa06c8ced7fa0488cd481354a517cd) Importer(815301076,1909f56bfc062723c751e8b465ee728b)
Start importing Assets/SciFiCorridorSet/Prefabs/corridor01.prefab using Guid(d3aa06c8ced7fa0488cd481354a517cd) Importer(815301076,1909f56bfc062723c751e8b465ee728b)  -> (artifact id: '86fba7753ee3f94bd6b0a83596e21d5c') in 1.214248 seconds 
  Import took 1.238585 seconds .

========================================================================
Received Import Request.
  Time since last request: 0.000494 seconds.
  path: Assets/SciFiCorridorSet/Prefabs/cornerT01.prefab
  artifactKey: Guid(e674547e5806adb4ca63f1265387dd3b) Importer(815301076,1909f56bfc062723c751e8b465ee728b)
Start importing Assets/SciFiCorridorSet/Prefabs/cornerT01.prefab using Guid(e674547e5806adb4ca63f1265387dd3b) Importer(815301076,1909f56bfc062723c751e8b465ee728b)  -> (artifact id: '7ce422820c2041015cb8c07032d33e40') in 3.726018 seconds 
  Import took 3.767952 seconds .

========================================================================
Received Import Request.
  Time since last request: 0.000509 seconds.
  path: Assets/SciFiCorridorSet/Prefabs/corridor06.prefab
  artifactKey: Guid(7c55d02c656e38b43939419d74dd6f25) Importer(815301076,1909f56bfc062723c751e8b465ee728b)
Start importing Assets/SciFiCorridorSet/Prefabs/corridor06.prefab using Guid(7c55d02c656e38b43939419d74dd6f25) Importer(815301076,1909f56bfc062723c751e8b465ee728b)  -> (artifact id: '0c58898ae3dc38157e8e71d8ccde6738') in 1.549330 seconds 
  Import took 1.580236 seconds .

========================================================================
Received Import Request.
  Time since last request: 0.012357 seconds.
  path: Assets/SciFiCorridorSet/Prefabs/corridor08destroyed.prefab
  artifactKey: Guid(65f0a649508c33e4cb7e3ba7d68b106d) Importer(815301076,1909f56bfc062723c751e8b465ee728b)
Start importing Assets/SciFiCorridorSet/Prefabs/corridor08destroyed.prefab using Guid(65f0a649508c33e4cb7e3ba7d68b106d) Importer(815301076,1909f56bfc062723c751e8b465ee728b)  -> (artifact id: 'e7b220153276f996e3b8d1098132a93f') in 3.188375 seconds 
  Import took 3.219851 seconds .

========================================================================
Received Import Request.
  Time since last request: 0.000334 seconds.
  path: Assets/SciFiCorridorSet/Prefabs/cornerX01destroyed.prefab
  artifactKey: Guid(458eb4bc012f7b444aa049ea66a19d76) Importer(815301076,1909f56bfc062723c751e8b465ee728b)
Start importing Assets/SciFiCorridorSet/Prefabs/cornerX01destroyed.prefab using Guid(458eb4bc012f7b444aa049ea66a19d76) Importer(815301076,1909f56bfc062723c751e8b465ee728b)  -> (artifact id: '4ae92d923d50d2b47d1a884d4150e27e') in 3.133250 seconds 
  Import took 3.170703 seconds .

========================================================================
Received Import Request.
  Time since last request: 0.000303 seconds.
  path: Assets/SciFiCorridorSet/Prefabs/corridor09.prefab
  artifactKey: Guid(5975e93bac83be54fa26aa5de7642f0a) Importer(815301076,1909f56bfc062723c751e8b465ee728b)
Start importing Assets/SciFiCorridorSet/Prefabs/corridor09.prefab using Guid(5975e93bac83be54fa26aa5de7642f0a) Importer(815301076,1909f56bfc062723c751e8b465ee728b)  -> (artifact id: 'f39eaa9635bcb4d075bb98774e7e12ca') in 2.414958 seconds 
  Import took 2.441298 seconds .

========================================================================
Received Import Request.
  Time since last request: 0.000344 seconds.
  path: Assets/SciFiCorridorSet/Prefabs/corner02destroyed.prefab
  artifactKey: Guid(0e374f3aa8a5a6d448e01112f45dcb7b) Importer(815301076,1909f56bfc062723c751e8b465ee728b)
Start importing Assets/SciFiCorridorSet/Prefabs/corner02destroyed.prefab using Guid(0e374f3aa8a5a6d448e01112f45dcb7b) Importer(815301076,1909f56bfc062723c751e8b465ee728b)  -> (artifact id: 'fcf02ed819554f16c50bd076e0d40467') in 3.784193 seconds 
  Import took 3.821557 seconds .

========================================================================
Received Import Request.
  Time since last request: 0.001061 seconds.
  path: Assets/SciFiCorridorSet/Prefabs/corner03destroyed.prefab
  artifactKey: Guid(637b0095acd6bb9478bde6ace6fe061e) Importer(815301076,1909f56bfc062723c751e8b465ee728b)
Start importing Assets/SciFiCorridorSet/Prefabs/corner03destroyed.prefab using Guid(637b0095acd6bb9478bde6ace6fe061e) Importer(815301076,1909f56bfc062723c751e8b465ee728b)  -> (artifact id: '23b117cbac21e17a11b061e230cbca3a') in 4.106946 seconds 
  Import took 4.145666 seconds .

========================================================================
Received Import Request.
  Time since last request: 0.001206 seconds.
  path: Assets/SciFiCorridorSet/Prefabs/corridor03.prefab
  artifactKey: Guid(f47416ab7573bc647b72d1fcbc9ac655) Importer(815301076,1909f56bfc062723c751e8b465ee728b)
Start importing Assets/SciFiCorridorSet/Prefabs/corridor03.prefab using Guid(f47416ab7573bc647b72d1fcbc9ac655) Importer(815301076,1909f56bfc062723c751e8b465ee728b)  -> (artifact id: '58a60331b73c7e63c0814745277f20dc') in 1.201441 seconds 
  Import took 1.215097 seconds .

========================================================================
Received Import Request.
  Time since last request: 0.000345 seconds.
  path: Assets/SciFiCorridorSet/Prefabs/corridor05.prefab
  artifactKey: Guid(8ac67a8117b4bab46844ceb656ebda89) Importer(815301076,1909f56bfc062723c751e8b465ee728b)
Start importing Assets/SciFiCorridorSet/Prefabs/corridor05.prefab using Guid(8ac67a8117b4bab46844ceb656ebda89) Importer(815301076,1909f56bfc062723c751e8b465ee728b)  -> (artifact id: '4ee86dce144fac4aaab5eed517dfe695') in 1.351128 seconds 
  Import took 1.366368 seconds .

========================================================================
Received Import Request.
  Time since last request: 0.000295 seconds.
  path: Assets/SciFiCorridorSet/Prefabs/cornerX02destroyed.prefab
  artifactKey: Guid(965dbfb9e7a7fe24f9f35281446081b3) Importer(815301076,1909f56bfc062723c751e8b465ee728b)
Start importing Assets/SciFiCorridorSet/Prefabs/cornerX02destroyed.prefab using Guid(965dbfb9e7a7fe24f9f35281446081b3) Importer(815301076,1909f56bfc062723c751e8b465ee728b)  -> (artifact id: '23fef65d4d6357e99365353f28188294') in 4.007095 seconds 
  Import took 4.051208 seconds .

========================================================================
Received Import Request.
  Time since last request: 0.000717 seconds.
  path: Assets/SciFiCorridorSet/Prefabs/corridor04destroyed.prefab
  artifactKey: Guid(a6b59c2d4f0d6a6478d83988ce463164) Importer(815301076,1909f56bfc062723c751e8b465ee728b)
Start importing Assets/SciFiCorridorSet/Prefabs/corridor04destroyed.prefab using Guid(a6b59c2d4f0d6a6478d83988ce463164) Importer(815301076,1909f56bfc062723c751e8b465ee728b)  -> (artifact id: '96e66591ae2175a26066c309d8ceed3e') in 1.223667 seconds 
  Import took 1.236941 seconds .

========================================================================
Received Import Request.
  Time since last request: 0.000313 seconds.
  path: Assets/SciFiCorridorSet/Prefabs/cornerT02.prefab
  artifactKey: Guid(befae55d1ce90b343a70c6408f144c49) Importer(815301076,1909f56bfc062723c751e8b465ee728b)
Start importing Assets/SciFiCorridorSet/Prefabs/cornerT02.prefab using Guid(befae55d1ce90b343a70c6408f144c49) Importer(815301076,1909f56bfc062723c751e8b465ee728b)  -> (artifact id: 'b5c7976577872811a0d943651656dc8e') in 3.798583 seconds 
  Import took 3.839790 seconds .

========================================================================
Received Import Request.
  Time since last request: 0.000311 seconds.
  path: Assets/SciFiCorridorSet/Prefabs/cornerT02destroyed.prefab
  artifactKey: Guid(f8f46f5ea36de664db2172b044ab089c) Importer(815301076,1909f56bfc062723c751e8b465ee728b)
Start importing Assets/SciFiCorridorSet/Prefabs/cornerT02destroyed.prefab using Guid(f8f46f5ea36de664db2172b044ab089c) Importer(815301076,1909f56bfc062723c751e8b465ee728b)  -> (artifact id: '46745c1a513b0c315ab9142cf9ad3bcc') in 3.486065 seconds 
  Import took 3.522991 seconds .

========================================================================
Received Import Request.
  Time since last request: 0.000918 seconds.
  path: Assets/SciFiCorridorSet/Prefabs/cornerX01.prefab
  artifactKey: Guid(7d0192358a023254c9196f7bc0b10e84) Importer(815301076,1909f56bfc062723c751e8b465ee728b)
Start importing Assets/SciFiCorridorSet/Prefabs/cornerX01.prefab using Guid(7d0192358a023254c9196f7bc0b10e84) Importer(815301076,1909f56bfc062723c751e8b465ee728b)  -> (artifact id: 'c6ff0bb62dd6918d8fa073798aa503eb') in 3.723164 seconds 
  Import took 3.754821 seconds .

========================================================================
Received Import Request.
  Time since last request: 0.000378 seconds.
  path: Assets/SciFiCorridorSet/Prefabs/corridor05destroyed.prefab
  artifactKey: Guid(1b81e7cd34f7039469b9ea85d8cdab1e) Importer(815301076,1909f56bfc062723c751e8b465ee728b)
Start importing Assets/SciFiCorridorSet/Prefabs/corridor05destroyed.prefab using Guid(1b81e7cd34f7039469b9ea85d8cdab1e) Importer(815301076,1909f56bfc062723c751e8b465ee728b)  -> (artifact id: '2afb0cd0dfd74717af94703a9fabc7dc') in 1.402342 seconds 
  Import took 1.418653 seconds .

========================================================================
Received Import Request.
  Time since last request: 0.000399 seconds.
  path: Assets/SciFiCorridorSet/Prefabs/corridor07destroyed.prefab
  artifactKey: Guid(b0cce434a35ce074088100f50e386407) Importer(815301076,1909f56bfc062723c751e8b465ee728b)
Start importing Assets/SciFiCorridorSet/Prefabs/corridor07destroyed.prefab using Guid(b0cce434a35ce074088100f50e386407) Importer(815301076,1909f56bfc062723c751e8b465ee728b)  -> (artifact id: 'b4a2baeb7596894e6ab7fb8562bad42f') in 1.368653 seconds 
  Import took 1.384422 seconds .

========================================================================
Received Import Request.
  Time since last request: 0.000316 seconds.
  path: Assets/SciFiCorridorSet/Prefabs/doorbase03destroyed.prefab
  artifactKey: Guid(d2697eab0a3592f47aa73a63f9f7e47e) Importer(815301076,1909f56bfc062723c751e8b465ee728b)
Start importing Assets/SciFiCorridorSet/Prefabs/doorbase03destroyed.prefab using Guid(d2697eab0a3592f47aa73a63f9f7e47e) Importer(815301076,1909f56bfc062723c751e8b465ee728b)  -> (artifact id: '60a8de2a5b1bf70e2ef3212bbc9598d3') in 3.598794 seconds 
  Import took 3.636780 seconds .

========================================================================
Received Import Request.
  Time since last request: 0.000961 seconds.
  path: Assets/SciFiCorridorSet/Prefabs/corridor02destroyed.prefab
  artifactKey: Guid(394876880586072459b4d68e2af28509) Importer(815301076,1909f56bfc062723c751e8b465ee728b)
Start importing Assets/SciFiCorridorSet/Prefabs/corridor02destroyed.prefab using Guid(394876880586072459b4d68e2af28509) Importer(815301076,1909f56bfc062723c751e8b465ee728b)  -> (artifact id: '3c3f9710c54ee7bebc07e7fa70733812') in 2.662003 seconds 
  Import took 2.688740 seconds .

========================================================================
Received Import Request.
  Time since last request: 0.000314 seconds.
  path: Assets/Scripts/exitScript2.cs
  artifactKey: Guid(39b6b79ee13554697a7ffec68c5ee016) Importer(815301076,1909f56bfc062723c751e8b465ee728b)
Start importing Assets/Scripts/exitScript2.cs using Guid(39b6b79ee13554697a7ffec68c5ee016) Importer(815301076,1909f56bfc062723c751e8b465ee728b)  -> (artifact id: '586181b886c988768cda1e2e40950a22') in 0.032817 seconds 
  Import took 0.037086 seconds .

========================================================================
Received Prepare
Registering precompiled user dll's ...
Registered in 0.207849 seconds.
Begin MonoManager ReloadAssembly
Native extension for OSXStandalone target not found
Native extension for WebGL target not found
Refreshing native plugins compatible for Editor in 1.85 ms, found 4 plugins.
Preloading 1 native plugins for Editor in 5.25 ms.
Mono: successfully reloaded assembly
- Completed reload, in  2.664 seconds
Domain Reload Profiling:
	ReloadAssembly (2669ms)
		BeginReloadAssembly (468ms)
			ExecutionOrderSort (0ms)
			DisableScriptedObjects (20ms)
			BackupInstance (0ms)
			ReleaseScriptingObjects (0ms)
			CreateAndSetChildDomain (333ms)
		EndReloadAssembly (2081ms)
			LoadAssemblies (163ms)
			RebuildTransferFunctionScriptingTraits (0ms)
			SetupTypeCache (647ms)
			ReleaseScriptCaches (2ms)
			RebuildScriptCaches (78ms)
			SetupLoadedEditorAssemblies (912ms)
				LogAssemblyErrors (0ms)
				InitializePlatformSupportModulesInManaged (23ms)
				SetLoadedEditorAssemblies (3ms)
				RefreshPlugins (7ms)
				BeforeProcessingInitializeOnLoad (213ms)
				ProcessInitializeOnLoadAttributes (650ms)
				ProcessInitializeOnLoadMethodAttributes (14ms)
				AfterProcessingInitializeOnLoad (2ms)
				EditorAssembliesLoaded (0ms)
			ExecutionOrderSort2 (0ms)
			AwakeInstancesAfterBackupRestoration (12ms)
Platform modules already initialized, skipping
Switching build target platform(2) subTarget(0) extendedPlatform(0) -> platform(13) subTarget(524288) extendedPlatform(0)
Refreshing native plugins compatible for Editor in 0.62 ms, found 4 plugins.
Preloading 1 native plugins for Editor in 0.48 ms.
Unloading 2295 Unused Serialized files (Serialized files now loaded: 0)
System memory in use before: 202.9 MB.
System memory in use after: 203.1 MB.

Unloading 17 unused Assets to reduce memory usage. Loaded Objects now: 2830.
Total: 3.458216 ms (FindLiveObjects: 0.226138 ms CreateObjectMapping: 0.085496 ms MarkObjects: 3.115315 ms  DeleteObjects: 0.030465 ms)

AssetImportParameters requested are different than current active one (requested -> active):
  custom:video-decoder-ogg-theora: a1e56fd34408186e4bbccfd4996cb3dc -> 
  custom:container-muxer-webm: aa71ff27fc2769a1b78a27578f13a17b -> 
  custom:container-demuxer-webm: 4f35f7cbe854078d1ac9338744f61a02 -> 
  custom:container-demuxer-ogg: 62fdf1f143b41e24485cea50d1cbac27 -> 
  custom:video-encoder-webm-vp8: eb34c28f22e8b96e1ab97ce403110664 -> 
  custom:framework-osx-AVFoundation: e770b220cccbd017edd2c1fefb359320 -> 
  custom:video-decoder-webm-vp8: 9c59270c3fd7afecdb556c50c9e8de78 -> 
  custom:graphics/normal-map-encoding: 01000000000000000000000000000000 -> 02000000000000000000000000000000
  custom:audio-decoder-ogg-vorbis: bf7c407c2cedff20999df2af8eb42d56 -> 
  custom:audio-encoder-webm-vorbis: bf7c407c2cedff20999df2af8eb42d56 -> 
========================================================================
Received Prepare
Registering precompiled user dll's ...
Registered in 0.010206 seconds.
Begin MonoManager ReloadAssembly
Native extension for OSXStandalone target not found
Native extension for WebGL target not found
Refreshing native plugins compatible for Editor in 1.88 ms, found 4 plugins.
Preloading 1 native plugins for Editor in 2.72 ms.
Mono: successfully reloaded assembly
- Completed reload, in  2.670 seconds
Domain Reload Profiling:
	ReloadAssembly (2719ms)
		BeginReloadAssembly (486ms)
			ExecutionOrderSort (0ms)
			DisableScriptedObjects (43ms)
			BackupInstance (0ms)
			ReleaseScriptingObjects (0ms)
			CreateAndSetChildDomain (302ms)
		EndReloadAssembly (2132ms)
			LoadAssemblies (168ms)
			RebuildTransferFunctionScriptingTraits (0ms)
			SetupTypeCache (845ms)
			ReleaseScriptCaches (1ms)
			RebuildScriptCaches (64ms)
			SetupLoadedEditorAssemblies (736ms)
				LogAssemblyErrors (0ms)
				InitializePlatformSupportModulesInManaged (15ms)
				SetLoadedEditorAssemblies (2ms)
				RefreshPlugins (5ms)
				BeforeProcessingInitializeOnLoad (175ms)
				ProcessInitializeOnLoadAttributes (520ms)
				ProcessInitializeOnLoadMethodAttributes (15ms)
				AfterProcessingInitializeOnLoad (3ms)
				EditorAssembliesLoaded (0ms)
			ExecutionOrderSort2 (0ms)
			AwakeInstancesAfterBackupRestoration (14ms)
Platform modules already initialized, skipping
Switching build target platform(2) subTarget(0) extendedPlatform(0) -> platform(13) subTarget(524288) extendedPlatform(0)
Refreshing native plugins compatible for Editor in 0.75 ms, found 4 plugins.
Preloading 1 native plugins for Editor in 0.74 ms.
Unloading 2295 Unused Serialized files (Serialized files now loaded: 0)
System memory in use before: 203.3 MB.
System memory in use after: 203.5 MB.

Unloading 17 unused Assets to reduce memory usage. Loaded Objects now: 2833.
Total: 4.879505 ms (FindLiveObjects: 0.263687 ms CreateObjectMapping: 0.125632 ms MarkObjects: 3.965477 ms  DeleteObjects: 0.523423 ms)

AssetImportParameters requested are different than current active one (requested -> active):
  custom:video-decoder-ogg-theora: a1e56fd34408186e4bbccfd4996cb3dc -> 
  custom:container-muxer-webm: aa71ff27fc2769a1b78a27578f13a17b -> 
  custom:container-demuxer-webm: 4f35f7cbe854078d1ac9338744f61a02 -> 
  custom:container-demuxer-ogg: 62fdf1f143b41e24485cea50d1cbac27 -> 
  custom:video-encoder-webm-vp8: eb34c28f22e8b96e1ab97ce403110664 -> 
  custom:framework-osx-AVFoundation: e770b220cccbd017edd2c1fefb359320 -> 
  custom:video-decoder-webm-vp8: 9c59270c3fd7afecdb556c50c9e8de78 -> 
  custom:graphics/normal-map-encoding: 01000000000000000000000000000000 -> 02000000000000000000000000000000
  custom:audio-decoder-ogg-vorbis: bf7c407c2cedff20999df2af8eb42d56 -> 
  custom:audio-encoder-webm-vorbis: bf7c407c2cedff20999df2af8eb42d56 -> 
========================================================================
Received Prepare
Registering precompiled user dll's ...
Registered in 0.009416 seconds.
Begin MonoManager ReloadAssembly
Native extension for OSXStandalone target not found
Native extension for WebGL target not found
Refreshing native plugins compatible for Editor in 0.75 ms, found 4 plugins.
Preloading 1 native plugins for Editor in 0.98 ms.
Mono: successfully reloaded assembly
- Completed reload, in  2.162 seconds
Domain Reload Profiling:
	ReloadAssembly (2167ms)
		BeginReloadAssembly (308ms)
			ExecutionOrderSort (0ms)
			DisableScriptedObjects (22ms)
			BackupInstance (0ms)
			ReleaseScriptingObjects (0ms)
			CreateAndSetChildDomain (188ms)
		EndReloadAssembly (1738ms)
			LoadAssemblies (172ms)
			RebuildTransferFunctionScriptingTraits (0ms)
			SetupTypeCache (615ms)
			ReleaseScriptCaches (1ms)
			RebuildScriptCaches (74ms)
			SetupLoadedEditorAssemblies (613ms)
				LogAssemblyErrors (0ms)
				InitializePlatformSupportModulesInManaged (7ms)
				SetLoadedEditorAssemblies (1ms)
				RefreshPlugins (2ms)
				BeforeProcessingInitializeOnLoad (156ms)
				ProcessInitializeOnLoadAttributes (430ms)
				ProcessInitializeOnLoadMethodAttributes (15ms)
				AfterProcessingInitializeOnLoad (3ms)
				EditorAssembliesLoaded (0ms)
			ExecutionOrderSort2 (0ms)
			AwakeInstancesAfterBackupRestoration (10ms)
Platform modules already initialized, skipping
Switching build target platform(2) subTarget(0) extendedPlatform(0) -> platform(13) subTarget(524288) extendedPlatform(0)
Refreshing native plugins compatible for Editor in 0.78 ms, found 4 plugins.
Preloading 1 native plugins for Editor in 0.68 ms.
Unloading 2295 Unused Serialized files (Serialized files now loaded: 0)
System memory in use before: 203.4 MB.
System memory in use after: 203.6 MB.

Unloading 17 unused Assets to reduce memory usage. Loaded Objects now: 2836.
Total: 4.358883 ms (FindLiveObjects: 0.364799 ms CreateObjectMapping: 0.238616 ms MarkObjects: 3.704334 ms  DeleteObjects: 0.049865 ms)

AssetImportParameters requested are different than current active one (requested -> active):
  custom:video-decoder-ogg-theora: a1e56fd34408186e4bbccfd4996cb3dc -> 
  custom:container-muxer-webm: aa71ff27fc2769a1b78a27578f13a17b -> 
  custom:container-demuxer-webm: 4f35f7cbe854078d1ac9338744f61a02 -> 
  custom:container-demuxer-ogg: 62fdf1f143b41e24485cea50d1cbac27 -> 
  custom:video-encoder-webm-vp8: eb34c28f22e8b96e1ab97ce403110664 -> 
  custom:framework-osx-AVFoundation: e770b220cccbd017edd2c1fefb359320 -> 
  custom:video-decoder-webm-vp8: 9c59270c3fd7afecdb556c50c9e8de78 -> 
  custom:graphics/normal-map-encoding: 01000000000000000000000000000000 -> 02000000000000000000000000000000
  custom:audio-decoder-ogg-vorbis: bf7c407c2cedff20999df2af8eb42d56 -> 
  custom:audio-encoder-webm-vorbis: bf7c407c2cedff20999df2af8eb42d56 -> 
========================================================================
Received Import Request.
  Time since last request: 1438.764138 seconds.
  path: Assets/Scripts/exitScript3a.cs
  artifactKey: Guid(e9b2632e09f4242d988a5ed2970d0353) Importer(815301076,1909f56bfc062723c751e8b465ee728b)
Start importing Assets/Scripts/exitScript3a.cs using Guid(e9b2632e09f4242d988a5ed2970d0353) Importer(815301076,1909f56bfc062723c751e8b465ee728b)  -> (artifact id: '1e2af1504b8587569d1f67585594227c') in 0.070659 seconds 
  Import took 0.078637 seconds .

========================================================================
Received Prepare
Registering precompiled user dll's ...
Registered in 0.009843 seconds.
Begin MonoManager ReloadAssembly
Native extension for OSXStandalone target not found
Native extension for WebGL target not found
Refreshing native plugins compatible for Editor in 0.74 ms, found 4 plugins.
Preloading 1 native plugins for Editor in 0.66 ms.
Mono: successfully reloaded assembly
- Completed reload, in  2.284 seconds
Domain Reload Profiling:
	ReloadAssembly (2284ms)
		BeginReloadAssembly (177ms)
			ExecutionOrderSort (0ms)
			DisableScriptedObjects (9ms)
			BackupInstance (0ms)
			ReleaseScriptingObjects (0ms)
			CreateAndSetChildDomain (93ms)
		EndReloadAssembly (2006ms)
			LoadAssemblies (113ms)
			RebuildTransferFunctionScriptingTraits (0ms)
			SetupTypeCache (547ms)
			ReleaseScriptCaches (1ms)
			RebuildScriptCaches (252ms)
			SetupLoadedEditorAssemblies (580ms)
				LogAssemblyErrors (0ms)
				InitializePlatformSupportModulesInManaged (6ms)
				SetLoadedEditorAssemblies (1ms)
				RefreshPlugins (1ms)
				BeforeProcessingInitializeOnLoad (147ms)
				ProcessInitializeOnLoadAttributes (412ms)
				ProcessInitializeOnLoadMethodAttributes (11ms)
				AfterProcessingInitializeOnLoad (2ms)
				EditorAssembliesLoaded (0ms)
			ExecutionOrderSort2 (0ms)
			AwakeInstancesAfterBackupRestoration (12ms)
Platform modules already initialized, skipping
Switching build target platform(2) subTarget(0) extendedPlatform(0) -> platform(13) subTarget(524288) extendedPlatform(0)
Refreshing native plugins compatible for Editor in 0.81 ms, found 4 plugins.
Preloading 1 native plugins for Editor in 0.63 ms.
Unloading 2296 Unused Serialized files (Serialized files now loaded: 0)
System memory in use before: 203.6 MB.
System memory in use after: 203.8 MB.

Unloading 17 unused Assets to reduce memory usage. Loaded Objects now: 2840.
Total: 4.219999 ms (FindLiveObjects: 0.234664 ms CreateObjectMapping: 0.120224 ms MarkObjects: 3.840825 ms  DeleteObjects: 0.022822 ms)

AssetImportParameters requested are different than current active one (requested -> active):
  custom:video-decoder-ogg-theora: a1e56fd34408186e4bbccfd4996cb3dc -> 
  custom:container-muxer-webm: aa71ff27fc2769a1b78a27578f13a17b -> 
  custom:container-demuxer-webm: 4f35f7cbe854078d1ac9338744f61a02 -> 
  custom:container-demuxer-ogg: 62fdf1f143b41e24485cea50d1cbac27 -> 
  custom:video-encoder-webm-vp8: eb34c28f22e8b96e1ab97ce403110664 -> 
  custom:framework-osx-AVFoundation: e770b220cccbd017edd2c1fefb359320 -> 
  custom:video-decoder-webm-vp8: 9c59270c3fd7afecdb556c50c9e8de78 -> 
  custom:graphics/normal-map-encoding: 01000000000000000000000000000000 -> 02000000000000000000000000000000
  custom:audio-decoder-ogg-vorbis: bf7c407c2cedff20999df2af8eb42d56 -> 
  custom:audio-encoder-webm-vorbis: bf7c407c2cedff20999df2af8eb42d56 -> 
========================================================================
Received Import Request.
  Time since last request: 142.407180 seconds.
  path: Assets/Scripts/exitScript3a.cs
  artifactKey: Guid(e9b2632e09f4242d988a5ed2970d0353) Importer(815301076,1909f56bfc062723c751e8b465ee728b)
Start importing Assets/Scripts/exitScript3a.cs using Guid(e9b2632e09f4242d988a5ed2970d0353) Importer(815301076,1909f56bfc062723c751e8b465ee728b)  -> (artifact id: '4ee561f0c7ff8751768293f1c0962698') in 0.005974 seconds 
  Import took 0.010681 seconds .

========================================================================
Received Prepare
Registering precompiled user dll's ...
Registered in 0.007467 seconds.
Begin MonoManager ReloadAssembly
Native extension for OSXStandalone target not found
Native extension for WebGL target not found
Refreshing native plugins compatible for Editor in 0.83 ms, found 4 plugins.
Preloading 1 native plugins for Editor in 1.05 ms.
Mono: successfully reloaded assembly
- Completed reload, in  2.105 seconds
Domain Reload Profiling:
	ReloadAssembly (2109ms)
		BeginReloadAssembly (316ms)
			ExecutionOrderSort (0ms)
			DisableScriptedObjects (14ms)
			BackupInstance (0ms)
			ReleaseScriptingObjects (0ms)
			CreateAndSetChildDomain (203ms)
		EndReloadAssembly (1702ms)
			LoadAssemblies (114ms)
			RebuildTransferFunctionScriptingTraits (0ms)
			SetupTypeCache (687ms)
			ReleaseScriptCaches (1ms)
			RebuildScriptCaches (74ms)
			SetupLoadedEditorAssemblies (604ms)
				LogAssemblyErrors (0ms)
				InitializePlatformSupportModulesInManaged (12ms)
				SetLoadedEditorAssemblies (1ms)
				RefreshPlugins (2ms)
				BeforeProcessingInitializeOnLoad (167ms)
				ProcessInitializeOnLoadAttributes (408ms)
				ProcessInitializeOnLoadMethodAttributes (12ms)
				AfterProcessingInitializeOnLoad (2ms)
				EditorAssembliesLoaded (0ms)
			ExecutionOrderSort2 (0ms)
			AwakeInstancesAfterBackupRestoration (10ms)
Platform modules already initialized, skipping
Switching build target platform(2) subTarget(0) extendedPlatform(0) -> platform(13) subTarget(524288) extendedPlatform(0)
Refreshing native plugins compatible for Editor in 0.77 ms, found 4 plugins.
Preloading 1 native plugins for Editor in 0.75 ms.
Unloading 2296 Unused Serialized files (Serialized files now loaded: 0)
System memory in use before: 203.8 MB.
System memory in use after: 204.0 MB.

Unloading 17 unused Assets to reduce memory usage. Loaded Objects now: 2843.
Total: 4.450074 ms (FindLiveObjects: 0.311443 ms CreateObjectMapping: 0.151393 ms MarkObjects: 3.952611 ms  DeleteObjects: 0.033477 ms)

AssetImportParameters requested are different than current active one (requested -> active):
  custom:video-decoder-ogg-theora: a1e56fd34408186e4bbccfd4996cb3dc -> 
  custom:container-muxer-webm: aa71ff27fc2769a1b78a27578f13a17b -> 
  custom:container-demuxer-webm: 4f35f7cbe854078d1ac9338744f61a02 -> 
  custom:container-demuxer-ogg: 62fdf1f143b41e24485cea50d1cbac27 -> 
  custom:video-encoder-webm-vp8: eb34c28f22e8b96e1ab97ce403110664 -> 
  custom:framework-osx-AVFoundation: e770b220cccbd017edd2c1fefb359320 -> 
  custom:video-decoder-webm-vp8: 9c59270c3fd7afecdb556c50c9e8de78 -> 
  custom:graphics/normal-map-encoding: 01000000000000000000000000000000 -> 02000000000000000000000000000000
  custom:audio-decoder-ogg-vorbis: bf7c407c2cedff20999df2af8eb42d56 -> 
  custom:audio-encoder-webm-vorbis: bf7c407c2cedff20999df2af8eb42d56 -> 
========================================================================
Received Prepare
Registering precompiled user dll's ...
Registered in 0.009558 seconds.
Begin MonoManager ReloadAssembly
Native extension for OSXStandalone target not found
Native extension for WebGL target not found
Refreshing native plugins compatible for Editor in 0.80 ms, found 4 plugins.
Preloading 1 native plugins for Editor in 0.63 ms.
Mono: successfully reloaded assembly
- Completed reload, in  1.770 seconds
Domain Reload Profiling:
	ReloadAssembly (1771ms)
		BeginReloadAssembly (170ms)
			ExecutionOrderSort (0ms)
			DisableScriptedObjects (7ms)
			BackupInstance (0ms)
			ReleaseScriptingObjects (0ms)
			CreateAndSetChildDomain (93ms)
		EndReloadAssembly (1504ms)
			LoadAssemblies (111ms)
			RebuildTransferFunctionScriptingTraits (0ms)
			SetupTypeCache (526ms)
			ReleaseScriptCaches (1ms)
			RebuildScriptCaches (78ms)
			SetupLoadedEditorAssemblies (559ms)
				LogAssemblyErrors (0ms)
				InitializePlatformSupportModulesInManaged (6ms)
				SetLoadedEditorAssemblies (1ms)
				RefreshPlugins (1ms)
				BeforeProcessingInitializeOnLoad (147ms)
				ProcessInitializeOnLoadAttributes (388ms)
				ProcessInitializeOnLoadMethodAttributes (12ms)
				AfterProcessingInitializeOnLoad (2ms)
				EditorAssembliesLoaded (0ms)
			ExecutionOrderSort2 (0ms)
			AwakeInstancesAfterBackupRestoration (11ms)
Platform modules already initialized, skipping
Switching build target platform(2) subTarget(0) extendedPlatform(0) -> platform(13) subTarget(524288) extendedPlatform(0)
Refreshing native plugins compatible for Editor in 0.73 ms, found 4 plugins.
Preloading 1 native plugins for Editor in 0.62 ms.
Unloading 2296 Unused Serialized files (Serialized files now loaded: 0)
System memory in use before: 203.9 MB.
System memory in use after: 204.1 MB.

Unloading 17 unused Assets to reduce memory usage. Loaded Objects now: 2846.
Total: 3.786708 ms (FindLiveObjects: 0.208822 ms CreateObjectMapping: 0.107649 ms MarkObjects: 3.447911 ms  DeleteObjects: 0.021347 ms)

AssetImportParameters requested are different than current active one (requested -> active):
  custom:video-decoder-ogg-theora: a1e56fd34408186e4bbccfd4996cb3dc -> 
  custom:container-muxer-webm: aa71ff27fc2769a1b78a27578f13a17b -> 
  custom:container-demuxer-webm: 4f35f7cbe854078d1ac9338744f61a02 -> 
  custom:container-demuxer-ogg: 62fdf1f143b41e24485cea50d1cbac27 -> 
  custom:video-encoder-webm-vp8: eb34c28f22e8b96e1ab97ce403110664 -> 
  custom:framework-osx-AVFoundation: e770b220cccbd017edd2c1fefb359320 -> 
  custom:video-decoder-webm-vp8: 9c59270c3fd7afecdb556c50c9e8de78 -> 
  custom:graphics/normal-map-encoding: 01000000000000000000000000000000 -> 02000000000000000000000000000000
  custom:audio-decoder-ogg-vorbis: bf7c407c2cedff20999df2af8eb42d56 -> 
  custom:audio-encoder-webm-vorbis: bf7c407c2cedff20999df2af8eb42d56 -> 
========================================================================
Received Prepare
Registering precompiled user dll's ...
Registered in 0.008898 seconds.
Begin MonoManager ReloadAssembly
Native extension for OSXStandalone target not found
Native extension for WebGL target not found
Refreshing native plugins compatible for Editor in 0.59 ms, found 4 plugins.
Preloading 1 native plugins for Editor in 0.48 ms.
Mono: successfully reloaded assembly
- Completed reload, in  1.637 seconds
Domain Reload Profiling:
	ReloadAssembly (1637ms)
		BeginReloadAssembly (161ms)
			ExecutionOrderSort (0ms)
			DisableScriptedObjects (5ms)
			BackupInstance (0ms)
			ReleaseScriptingObjects (0ms)
			CreateAndSetChildDomain (82ms)
		EndReloadAssembly (1384ms)
			LoadAssemblies (107ms)
			RebuildTransferFunctionScriptingTraits (0ms)
			SetupTypeCache (479ms)
			ReleaseScriptCaches (1ms)
			RebuildScriptCaches (73ms)
			SetupLoadedEditorAssemblies (528ms)
				LogAssemblyErrors (0ms)
				InitializePlatformSupportModulesInManaged (4ms)
				SetLoadedEditorAssemblies (1ms)
				RefreshPlugins (1ms)
				BeforeProcessingInitializeOnLoad (133ms)
				ProcessInitializeOnLoadAttributes (377ms)
				ProcessInitializeOnLoadMethodAttributes (11ms)
				AfterProcessingInitializeOnLoad (2ms)
				EditorAssembliesLoaded (0ms)
			ExecutionOrderSort2 (0ms)
			AwakeInstancesAfterBackupRestoration (11ms)
Platform modules already initialized, skipping
Switching build target platform(2) subTarget(0) extendedPlatform(0) -> platform(13) subTarget(524288) extendedPlatform(0)
Refreshing native plugins compatible for Editor in 0.69 ms, found 4 plugins.
Preloading 1 native plugins for Editor in 0.59 ms.
Unloading 2296 Unused Serialized files (Serialized files now loaded: 0)
System memory in use before: 204.2 MB.
System memory in use after: 204.4 MB.

Unloading 17 unused Assets to reduce memory usage. Loaded Objects now: 2849.
Total: 3.751621 ms (FindLiveObjects: 0.215788 ms CreateObjectMapping: 0.097386 ms MarkObjects: 3.420790 ms  DeleteObjects: 0.016882 ms)

AssetImportParameters requested are different than current active one (requested -> active):
  custom:video-decoder-ogg-theora: a1e56fd34408186e4bbccfd4996cb3dc -> 
  custom:container-muxer-webm: aa71ff27fc2769a1b78a27578f13a17b -> 
  custom:container-demuxer-webm: 4f35f7cbe854078d1ac9338744f61a02 -> 
  custom:container-demuxer-ogg: 62fdf1f143b41e24485cea50d1cbac27 -> 
  custom:video-encoder-webm-vp8: eb34c28f22e8b96e1ab97ce403110664 -> 
  custom:framework-osx-AVFoundation: e770b220cccbd017edd2c1fefb359320 -> 
  custom:video-decoder-webm-vp8: 9c59270c3fd7afecdb556c50c9e8de78 -> 
  custom:graphics/normal-map-encoding: 01000000000000000000000000000000 -> 02000000000000000000000000000000
  custom:audio-decoder-ogg-vorbis: bf7c407c2cedff20999df2af8eb42d56 -> 
  custom:audio-encoder-webm-vorbis: bf7c407c2cedff20999df2af8eb42d56 -> 
========================================================================
Received Prepare
Refreshing native plugins compatible for Editor in 12.91 ms, found 4 plugins.
Preloading 1 native plugins for Editor in 2.06 ms.
Unloading 14 Unused Serialized files (Serialized files now loaded: 0)
System memory in use before: 160.0 MB.
System memory in use after: 160.2 MB.

Unloading 14 unused Assets to reduce memory usage. Loaded Objects now: 2849.
Total: 105.437120 ms (FindLiveObjects: 1.422288 ms CreateObjectMapping: 0.174537 ms MarkObjects: 103.773127 ms  DeleteObjects: 0.066076 ms)

AssetImportParameters requested are different than current active one (requested -> active):
  custom:video-decoder-ogg-theora: a1e56fd34408186e4bbccfd4996cb3dc -> 
  custom:container-muxer-webm: aa71ff27fc2769a1b78a27578f13a17b -> 
  custom:container-demuxer-webm: 4f35f7cbe854078d1ac9338744f61a02 -> 
  custom:container-demuxer-ogg: 62fdf1f143b41e24485cea50d1cbac27 -> 
  custom:video-encoder-webm-vp8: eb34c28f22e8b96e1ab97ce403110664 -> 
  custom:framework-osx-AVFoundation: e770b220cccbd017edd2c1fefb359320 -> 
  custom:video-decoder-webm-vp8: 9c59270c3fd7afecdb556c50c9e8de78 -> 
  custom:audio-decoder-ogg-vorbis: bf7c407c2cedff20999df2af8eb42d56 -> 
  custom:audio-encoder-webm-vorbis: bf7c407c2cedff20999df2af8eb42d56 -> 
========================================================================
Received Prepare
Registering precompiled user dll's ...
Registered in 0.005964 seconds.
Begin MonoManager ReloadAssembly
Native extension for OSXStandalone target not found
Native extension for WebGL target not found
Refreshing native plugins compatible for Editor in 0.84 ms, found 4 plugins.
Preloading 1 native plugins for Editor in 0.98 ms.
Mono: successfully reloaded assembly
- Completed reload, in  2.406 seconds
Domain Reload Profiling:
	ReloadAssembly (2425ms)
		BeginReloadAssembly (472ms)
			ExecutionOrderSort (0ms)
			DisableScriptedObjects (44ms)
			BackupInstance (0ms)
			ReleaseScriptingObjects (1ms)
			CreateAndSetChildDomain (280ms)
		EndReloadAssembly (1820ms)
			LoadAssemblies (191ms)
			RebuildTransferFunctionScriptingTraits (0ms)
			SetupTypeCache (648ms)
			ReleaseScriptCaches (1ms)
			RebuildScriptCaches (75ms)
			SetupLoadedEditorAssemblies (652ms)
				LogAssemblyErrors (0ms)
				InitializePlatformSupportModulesInManaged (8ms)
				SetLoadedEditorAssemblies (2ms)
				RefreshPlugins (2ms)
				BeforeProcessingInitializeOnLoad (165ms)
				ProcessInitializeOnLoadAttributes (454ms)
				ProcessInitializeOnLoadMethodAttributes (19ms)
				AfterProcessingInitializeOnLoad (2ms)
				EditorAssembliesLoaded (0ms)
			ExecutionOrderSort2 (0ms)
			AwakeInstancesAfterBackupRestoration (13ms)
Platform modules already initialized, skipping
Switching build target platform(2) subTarget(0) extendedPlatform(0) -> platform(13) subTarget(524288) extendedPlatform(0)
Refreshing native plugins compatible for Editor in 0.71 ms, found 4 plugins.
Preloading 1 native plugins for Editor in 0.61 ms.
Unloading 2296 Unused Serialized files (Serialized files now loaded: 0)
System memory in use before: 204.7 MB.
System memory in use after: 204.9 MB.

Unloading 17 unused Assets to reduce memory usage. Loaded Objects now: 2852.
Total: 4.434067 ms (FindLiveObjects: 0.302176 ms CreateObjectMapping: 0.173036 ms MarkObjects: 3.919262 ms  DeleteObjects: 0.038290 ms)

AssetImportParameters requested are different than current active one (requested -> active):
  custom:video-decoder-ogg-theora: a1e56fd34408186e4bbccfd4996cb3dc -> 
  custom:container-muxer-webm: aa71ff27fc2769a1b78a27578f13a17b -> 
  custom:container-demuxer-webm: 4f35f7cbe854078d1ac9338744f61a02 -> 
  custom:container-demuxer-ogg: 62fdf1f143b41e24485cea50d1cbac27 -> 
  custom:video-encoder-webm-vp8: eb34c28f22e8b96e1ab97ce403110664 -> 
  custom:framework-osx-AVFoundation: e770b220cccbd017edd2c1fefb359320 -> 
  custom:video-decoder-webm-vp8: 9c59270c3fd7afecdb556c50c9e8de78 -> 
  custom:graphics/normal-map-encoding: 01000000000000000000000000000000 -> 02000000000000000000000000000000
  custom:audio-decoder-ogg-vorbis: bf7c407c2cedff20999df2af8eb42d56 -> 
  custom:audio-encoder-webm-vorbis: bf7c407c2cedff20999df2af8eb42d56 -> 
========================================================================
Received Prepare
Refreshing native plugins compatible for Editor in 10.36 ms, found 4 plugins.
Preloading 1 native plugins for Editor in 0.50 ms.
Unloading 14 Unused Serialized files (Serialized files now loaded: 0)
System memory in use before: 160.3 MB.
System memory in use after: 160.5 MB.

Unloading 14 unused Assets to reduce memory usage. Loaded Objects now: 2852.
Total: 3.490800 ms (FindLiveObjects: 0.228086 ms CreateObjectMapping: 0.112032 ms MarkObjects: 3.112323 ms  DeleteObjects: 0.037550 ms)

AssetImportParameters requested are different than current active one (requested -> active):
  custom:video-decoder-ogg-theora: a1e56fd34408186e4bbccfd4996cb3dc -> 
  custom:container-muxer-webm: aa71ff27fc2769a1b78a27578f13a17b -> 
  custom:container-demuxer-webm: 4f35f7cbe854078d1ac9338744f61a02 -> 
  custom:container-demuxer-ogg: 62fdf1f143b41e24485cea50d1cbac27 -> 
  custom:video-encoder-webm-vp8: eb34c28f22e8b96e1ab97ce403110664 -> 
  custom:framework-osx-AVFoundation: e770b220cccbd017edd2c1fefb359320 -> 
  custom:video-decoder-webm-vp8: 9c59270c3fd7afecdb556c50c9e8de78 -> 
  custom:audio-decoder-ogg-vorbis: bf7c407c2cedff20999df2af8eb42d56 -> 
  custom:audio-encoder-webm-vorbis: bf7c407c2cedff20999df2af8eb42d56 -> 
========================================================================
Received Prepare
Refreshing native plugins compatible for Editor in 9.19 ms, found 4 plugins.
Preloading 1 native plugins for Editor in 1.05 ms.
Unloading 14 Unused Serialized files (Serialized files now loaded: 0)
System memory in use before: 160.3 MB.
System memory in use after: 160.5 MB.

Unloading 14 unused Assets to reduce memory usage. Loaded Objects now: 2852.
Total: 34.325551 ms (FindLiveObjects: 0.715175 ms CreateObjectMapping: 0.109449 ms MarkObjects: 33.441276 ms  DeleteObjects: 0.058753 ms)

AssetImportParameters requested are different than current active one (requested -> active):
  custom:video-decoder-ogg-theora: a1e56fd34408186e4bbccfd4996cb3dc -> 
  custom:container-muxer-webm: aa71ff27fc2769a1b78a27578f13a17b -> 
  custom:container-demuxer-webm: 4f35f7cbe854078d1ac9338744f61a02 -> 
  custom:container-demuxer-ogg: 62fdf1f143b41e24485cea50d1cbac27 -> 
  custom:video-encoder-webm-vp8: eb34c28f22e8b96e1ab97ce403110664 -> 
  custom:framework-osx-AVFoundation: e770b220cccbd017edd2c1fefb359320 -> 
  custom:video-decoder-webm-vp8: 9c59270c3fd7afecdb556c50c9e8de78 -> 
  custom:audio-decoder-ogg-vorbis: bf7c407c2cedff20999df2af8eb42d56 -> 
  custom:audio-encoder-webm-vorbis: bf7c407c2cedff20999df2af8eb42d56 -> 
